<?xml version="1.0" encoding="UTF-8" ?>

<testsuite failures="0" time="0.156" errors="0" skipped="0" tests="1" name="ApplicationFunctionalTest">
  <testcase classname="ApplicationFunctionalTest" name="testThatIndexPageWorks" time="0.156">
      </testcase>
</testsuite>
